  main.cpp
D:\Git\public_task\Energy_mechanism\Energy_mechanism\main.cpp(1,1): warning C4828: 文件包含在偏移 0xe2 处开始的字符，该字符在当前源字符集中无效(代码页 65001)。
D:\Git\public_task\Energy_mechanism\Energy_mechanism\main.cpp(1,1): warning C4828: 文件包含在偏移 0xe3 处开始的字符，该字符在当前源字符集中无效(代码页 65001)。
D:\Git\public_task\Energy_mechanism\Energy_mechanism\main.cpp(1,1): warning C4828: 文件包含在偏移 0xe7 处开始的字符，该字符在当前源字符集中无效(代码页 65001)。
D:\Git\public_task\Energy_mechanism\Energy_mechanism\main.cpp(1,1): warning C4828: 文件包含在偏移 0xea 处开始的字符，该字符在当前源字符集中无效(代码页 65001)。
D:\Git\public_task\Energy_mechanism\Energy_mechanism\main.cpp(1,1): warning C4828: 文件包含在偏移 0xeb 处开始的字符，该字符在当前源字符集中无效(代码页 65001)。
D:\Git\public_task\Energy_mechanism\Energy_mechanism\main.cpp(1,1): warning C4828: 文件包含在偏移 0xef 处开始的字符，该字符在当前源字符集中无效(代码页 65001)。
D:\Git\public_task\Energy_mechanism\Energy_mechanism\main.cpp(1,1): warning C4828: 文件包含在偏移 0x1b8 处开始的字符，该字符在当前源字符集中无效(代码页 65001)。
D:\Git\public_task\Energy_mechanism\Energy_mechanism\main.cpp(1,1): warning C4828: 文件包含在偏移 0x1b9 处开始的字符，该字符在当前源字符集中无效(代码页 65001)。
D:\Git\public_task\Energy_mechanism\Energy_mechanism\main.cpp(1,1): warning C4828: 文件包含在偏移 0x1bd 处开始的字符，该字符在当前源字符集中无效(代码页 65001)。
D:\Git\public_task\Energy_mechanism\Energy_mechanism\main.cpp(1,1): warning C4828: 文件包含在偏移 0x1c1 处开始的字符，该字符在当前源字符集中无效(代码页 65001)。
D:\Git\public_task\Energy_mechanism\Energy_mechanism\main.cpp(1,1): warning C4828: 文件包含在偏移 0x1c2 处开始的字符，该字符在当前源字符集中无效(代码页 65001)。
D:\Git\public_task\Energy_mechanism\Energy_mechanism\main.cpp(1,1): warning C4828: 文件包含在偏移 0x1ca 处开始的字符，该字符在当前源字符集中无效(代码页 65001)。
D:\Git\public_task\Energy_mechanism\Energy_mechanism\main.cpp(1,1): warning C4828: 文件包含在偏移 0x1cc 处开始的字符，该字符在当前源字符集中无效(代码页 65001)。
D:\Git\public_task\Energy_mechanism\Energy_mechanism\main.cpp(1,1): warning C4828: 文件包含在偏移 0x1cd 处开始的字符，该字符在当前源字符集中无效(代码页 65001)。
D:\Git\public_task\Energy_mechanism\Energy_mechanism\main.cpp(1,1): warning C4828: 文件包含在偏移 0x1ce 处开始的字符，该字符在当前源字符集中无效(代码页 65001)。
D:\Git\public_task\Energy_mechanism\Energy_mechanism\main.cpp(1,1): warning C4828: 文件包含在偏移 0x1d0 处开始的字符，该字符在当前源字符集中无效(代码页 65001)。
D:\Git\public_task\Energy_mechanism\Energy_mechanism\main.cpp(1,1): warning C4828: 文件包含在偏移 0x1d2 处开始的字符，该字符在当前源字符集中无效(代码页 65001)。
D:\Git\public_task\Energy_mechanism\Energy_mechanism\main.cpp(1,1): warning C4828: 文件包含在偏移 0x1d3 处开始的字符，该字符在当前源字符集中无效(代码页 65001)。
D:\Git\public_task\Energy_mechanism\Energy_mechanism\main.cpp(1,1): warning C4828: 文件包含在偏移 0x1d5 处开始的字符，该字符在当前源字符集中无效(代码页 65001)。
D:\Git\public_task\Energy_mechanism\Energy_mechanism\main.cpp(1,1): warning C4828: 文件包含在偏移 0x1d7 处开始的字符，该字符在当前源字符集中无效(代码页 65001)。
D:\Git\public_task\Energy_mechanism\Energy_mechanism\main.cpp(1,1): warning C4828: 文件包含在偏移 0x1da 处开始的字符，该字符在当前源字符集中无效(代码页 65001)。
D:\Git\public_task\Energy_mechanism\Energy_mechanism\main.cpp(1,1): warning C4828: 文件包含在偏移 0x356 处开始的字符，该字符在当前源字符集中无效(代码页 65001)。
D:\Git\public_task\Energy_mechanism\Energy_mechanism\main.cpp(1,1): warning C4828: 文件包含在偏移 0x357 处开始的字符，该字符在当前源字符集中无效(代码页 65001)。
D:\Git\public_task\Energy_mechanism\Energy_mechanism\main.cpp(1,1): warning C4828: 文件包含在偏移 0x35b 处开始的字符，该字符在当前源字符集中无效(代码页 65001)。
D:\Git\public_task\Energy_mechanism\Energy_mechanism\main.cpp(1,1): warning C4828: 文件包含在偏移 0x35c 处开始的字符，该字符在当前源字符集中无效(代码页 65001)。
D:\Git\public_task\Energy_mechanism\Energy_mechanism\main.cpp(1,1): warning C4828: 文件包含在偏移 0x35d 处开始的字符，该字符在当前源字符集中无效(代码页 65001)。
D:\Git\public_task\Energy_mechanism\Energy_mechanism\main.cpp(1,1): warning C4828: 文件包含在偏移 0x361 处开始的字符，该字符在当前源字符集中无效(代码页 65001)。
D:\Git\public_task\Energy_mechanism\Energy_mechanism\main.cpp(1,1): warning C4828: 文件包含在偏移 0x363 处开始的字符，该字符在当前源字符集中无效(代码页 65001)。
D:\Git\public_task\Energy_mechanism\Energy_mechanism\main.cpp(1,1): warning C4828: 文件包含在偏移 0x522 处开始的字符，该字符在当前源字符集中无效(代码页 65001)。
D:\Git\public_task\Energy_mechanism\Energy_mechanism\main.cpp(1,1): warning C4828: 文件包含在偏移 0x523 处开始的字符，该字符在当前源字符集中无效(代码页 65001)。
D:\Git\public_task\Energy_mechanism\Energy_mechanism\main.cpp(1,1): warning C4828: 文件包含在偏移 0x525 处开始的字符，该字符在当前源字符集中无效(代码页 65001)。
D:\Git\public_task\Energy_mechanism\Energy_mechanism\main.cpp(1,1): warning C4828: 文件包含在偏移 0x526 处开始的字符，该字符在当前源字符集中无效(代码页 65001)。
D:\Git\public_task\Energy_mechanism\Energy_mechanism\main.cpp(1,1): warning C4828: 文件包含在偏移 0x56d 处开始的字符，该字符在当前源字符集中无效(代码页 65001)。
D:\Git\public_task\Energy_mechanism\Energy_mechanism\main.cpp(1,1): warning C4828: 文件包含在偏移 0x56e 处开始的字符，该字符在当前源字符集中无效(代码页 65001)。
D:\Git\public_task\Energy_mechanism\Energy_mechanism\main.cpp(1,1): warning C4828: 文件包含在偏移 0x5cb 处开始的字符，该字符在当前源字符集中无效(代码页 65001)。
D:\Git\public_task\Energy_mechanism\Energy_mechanism\main.cpp(1,1): warning C4828: 文件包含在偏移 0x5d7 处开始的字符，该字符在当前源字符集中无效(代码页 65001)。
D:\Git\public_task\Energy_mechanism\Energy_mechanism\main.cpp(1,1): warning C4828: 文件包含在偏移 0x5d9 处开始的字符，该字符在当前源字符集中无效(代码页 65001)。
D:\Git\public_task\Energy_mechanism\Energy_mechanism\main.cpp(1,1): warning C4828: 文件包含在偏移 0x5da 处开始的字符，该字符在当前源字符集中无效(代码页 65001)。
D:\Git\public_task\Energy_mechanism\Energy_mechanism\main.cpp(1,1): warning C4828: 文件包含在偏移 0x6f3 处开始的字符，该字符在当前源字符集中无效(代码页 65001)。
D:\Git\public_task\Energy_mechanism\Energy_mechanism\main.cpp(1,1): warning C4828: 文件包含在偏移 0x6f4 处开始的字符，该字符在当前源字符集中无效(代码页 65001)。
D:\Git\public_task\Energy_mechanism\Energy_mechanism\main.cpp(1,1): warning C4828: 文件包含在偏移 0x6f6 处开始的字符，该字符在当前源字符集中无效(代码页 65001)。
D:\Git\public_task\Energy_mechanism\Energy_mechanism\main.cpp(1,1): warning C4828: 文件包含在偏移 0x6f7 处开始的字符，该字符在当前源字符集中无效(代码页 65001)。
D:\Git\public_task\Energy_mechanism\Energy_mechanism\main.cpp(1,1): warning C4828: 文件包含在偏移 0x6f9 处开始的字符，该字符在当前源字符集中无效(代码页 65001)。
D:\Git\public_task\Energy_mechanism\Energy_mechanism\main.cpp(1,1): warning C4828: 文件包含在偏移 0x6fa 处开始的字符，该字符在当前源字符集中无效(代码页 65001)。
D:\Git\public_task\Energy_mechanism\Energy_mechanism\main.cpp(1,1): warning C4828: 文件包含在偏移 0x74c 处开始的字符，该字符在当前源字符集中无效(代码页 65001)。
D:\Git\public_task\Energy_mechanism\Energy_mechanism\main.cpp(1,1): warning C4828: 文件包含在偏移 0x74d 处开始的字符，该字符在当前源字符集中无效(代码页 65001)。
D:\Git\public_task\Energy_mechanism\Energy_mechanism\main.cpp(1,1): warning C4828: 文件包含在偏移 0x750 处开始的字符，该字符在当前源字符集中无效(代码页 65001)。
D:\Git\public_task\Energy_mechanism\Energy_mechanism\main.cpp(1,1): warning C4828: 文件包含在偏移 0x751 处开始的字符，该字符在当前源字符集中无效(代码页 65001)。
D:\Git\public_task\Energy_mechanism\Energy_mechanism\main.cpp(1,1): warning C4828: 文件包含在偏移 0x7ed 处开始的字符，该字符在当前源字符集中无效(代码页 65001)。
D:\Git\public_task\Energy_mechanism\Energy_mechanism\main.cpp(1,1): warning C4828: 文件包含在偏移 0x7ef 处开始的字符，该字符在当前源字符集中无效(代码页 65001)。
D:\Git\public_task\Energy_mechanism\Energy_mechanism\main.cpp(1,1): warning C4828: 文件包含在偏移 0x7f1 处开始的字符，该字符在当前源字符集中无效(代码页 65001)。
D:\Git\public_task\Energy_mechanism\Energy_mechanism\main.cpp(1,1): warning C4828: 文件包含在偏移 0x7f2 处开始的字符，该字符在当前源字符集中无效(代码页 65001)。
D:\Git\public_task\Energy_mechanism\Energy_mechanism\main.cpp(1,1): warning C4828: 文件包含在偏移 0x8b6 处开始的字符，该字符在当前源字符集中无效(代码页 65001)。
D:\Git\public_task\Energy_mechanism\Energy_mechanism\main.cpp(1,1): warning C4828: 文件包含在偏移 0x8b7 处开始的字符，该字符在当前源字符集中无效(代码页 65001)。
D:\Git\public_task\Energy_mechanism\Energy_mechanism\main.cpp(1,1): warning C4828: 文件包含在偏移 0x8bb 处开始的字符，该字符在当前源字符集中无效(代码页 65001)。
D:\Git\public_task\Energy_mechanism\Energy_mechanism\main.cpp(1,1): warning C4828: 文件包含在偏移 0x8be 处开始的字符，该字符在当前源字符集中无效(代码页 65001)。
D:\Git\public_task\Energy_mechanism\Energy_mechanism\main.cpp(1,1): warning C4828: 文件包含在偏移 0x8bf 处开始的字符，该字符在当前源字符集中无效(代码页 65001)。
D:\Git\public_task\Energy_mechanism\Energy_mechanism\main.cpp(1,1): warning C4828: 文件包含在偏移 0xa6a 处开始的字符，该字符在当前源字符集中无效(代码页 65001)。
D:\Git\public_task\Energy_mechanism\Energy_mechanism\main.cpp(1,1): warning C4828: 文件包含在偏移 0xa6b 处开始的字符，该字符在当前源字符集中无效(代码页 65001)。
D:\Git\public_task\Energy_mechanism\Energy_mechanism\main.cpp(1,1): warning C4828: 文件包含在偏移 0xa6c 处开始的字符，该字符在当前源字符集中无效(代码页 65001)。
D:\Git\public_task\Energy_mechanism\Energy_mechanism\main.cpp(1,1): warning C4828: 文件包含在偏移 0xa6d 处开始的字符，该字符在当前源字符集中无效(代码页 65001)。
D:\Git\public_task\Energy_mechanism\Energy_mechanism\main.cpp(1,1): warning C4828: 文件包含在偏移 0xa72 处开始的字符，该字符在当前源字符集中无效(代码页 65001)。
D:\Git\public_task\Energy_mechanism\Energy_mechanism\main.cpp(1,1): warning C4828: 文件包含在偏移 0xa74 处开始的字符，该字符在当前源字符集中无效(代码页 65001)。
D:\Git\public_task\Energy_mechanism\Energy_mechanism\main.cpp(1,1): warning C4828: 文件包含在偏移 0xa75 处开始的字符，该字符在当前源字符集中无效(代码页 65001)。
D:\Git\public_task\Energy_mechanism\Energy_mechanism\main.cpp(1,1): warning C4828: 文件包含在偏移 0xa79 处开始的字符，该字符在当前源字符集中无效(代码页 65001)。
D:\Git\public_task\Energy_mechanism\Energy_mechanism\main.cpp(1,1): warning C4828: 文件包含在偏移 0xa89 处开始的字符，该字符在当前源字符集中无效(代码页 65001)。
D:\Git\public_task\Energy_mechanism\Energy_mechanism\main.cpp(1,1): warning C4828: 文件包含在偏移 0xa8b 处开始的字符，该字符在当前源字符集中无效(代码页 65001)。
D:\Git\public_task\Energy_mechanism\Energy_mechanism\main.cpp(1,1): warning C4828: 文件包含在偏移 0xa8d 处开始的字符，该字符在当前源字符集中无效(代码页 65001)。
D:\Git\public_task\Energy_mechanism\Energy_mechanism\main.cpp(1,1): warning C4828: 文件包含在偏移 0xab4 处开始的字符，该字符在当前源字符集中无效(代码页 65001)。
D:\Git\public_task\Energy_mechanism\Energy_mechanism\main.cpp(1,1): warning C4828: 文件包含在偏移 0xab5 处开始的字符，该字符在当前源字符集中无效(代码页 65001)。
D:\Git\public_task\Energy_mechanism\Energy_mechanism\main.cpp(1,1): warning C4828: 文件包含在偏移 0xab6 处开始的字符，该字符在当前源字符集中无效(代码页 65001)。
D:\Git\public_task\Energy_mechanism\Energy_mechanism\main.cpp(1,1): warning C4828: 文件包含在偏移 0xab7 处开始的字符，该字符在当前源字符集中无效(代码页 65001)。
D:\Git\public_task\Energy_mechanism\Energy_mechanism\main.cpp(1,1): warning C4828: 文件包含在偏移 0xab9 处开始的字符，该字符在当前源字符集中无效(代码页 65001)。
D:\Git\public_task\Energy_mechanism\Energy_mechanism\main.cpp(1,1): warning C4828: 文件包含在偏移 0xd16 处开始的字符，该字符在当前源字符集中无效(代码页 65001)。
D:\Git\public_task\Energy_mechanism\Energy_mechanism\main.cpp(1,1): warning C4828: 文件包含在偏移 0xd17 处开始的字符，该字符在当前源字符集中无效(代码页 65001)。
D:\Git\public_task\Energy_mechanism\Energy_mechanism\main.cpp(1,1): warning C4828: 文件包含在偏移 0xd18 处开始的字符，该字符在当前源字符集中无效(代码页 65001)。
D:\Git\public_task\Energy_mechanism\Energy_mechanism\main.cpp(1,1): warning C4828: 文件包含在偏移 0xd19 处开始的字符，该字符在当前源字符集中无效(代码页 65001)。
D:\Git\public_task\Energy_mechanism\Energy_mechanism\main.cpp(1,1): warning C4828: 文件包含在偏移 0xd1e 处开始的字符，该字符在当前源字符集中无效(代码页 65001)。
D:\Git\public_task\Energy_mechanism\Energy_mechanism\main.cpp(1,1): warning C4828: 文件包含在偏移 0xd20 处开始的字符，该字符在当前源字符集中无效(代码页 65001)。
D:\Git\public_task\Energy_mechanism\Energy_mechanism\main.cpp(1,1): warning C4828: 文件包含在偏移 0xd21 处开始的字符，该字符在当前源字符集中无效(代码页 65001)。
D:\Git\public_task\Energy_mechanism\Energy_mechanism\main.cpp(1,1): warning C4828: 文件包含在偏移 0xd25 处开始的字符，该字符在当前源字符集中无效(代码页 65001)。
D:\Git\public_task\Energy_mechanism\Energy_mechanism\main.cpp(1,1): warning C4828: 文件包含在偏移 0xd35 处开始的字符，该字符在当前源字符集中无效(代码页 65001)。
D:\Git\public_task\Energy_mechanism\Energy_mechanism\main.cpp(1,1): warning C4828: 文件包含在偏移 0xd37 处开始的字符，该字符在当前源字符集中无效(代码页 65001)。
D:\Git\public_task\Energy_mechanism\Energy_mechanism\main.cpp(1,1): warning C4828: 文件包含在偏移 0xd39 处开始的字符，该字符在当前源字符集中无效(代码页 65001)。
D:\Git\public_task\Energy_mechanism\Energy_mechanism\main.cpp(1,1): warning C4828: 文件包含在偏移 0xd5f 处开始的字符，该字符在当前源字符集中无效(代码页 65001)。
D:\Git\public_task\Energy_mechanism\Energy_mechanism\main.cpp(1,1): warning C4828: 文件包含在偏移 0xd60 处开始的字符，该字符在当前源字符集中无效(代码页 65001)。
D:\Git\public_task\Energy_mechanism\Energy_mechanism\main.cpp(1,1): warning C4828: 文件包含在偏移 0xd61 处开始的字符，该字符在当前源字符集中无效(代码页 65001)。
D:\Git\public_task\Energy_mechanism\Energy_mechanism\main.cpp(1,1): warning C4828: 文件包含在偏移 0xd62 处开始的字符，该字符在当前源字符集中无效(代码页 65001)。
D:\Git\public_task\Energy_mechanism\Energy_mechanism\main.cpp(1,1): warning C4828: 文件包含在偏移 0xd64 处开始的字符，该字符在当前源字符集中无效(代码页 65001)。
D:\Git\public_task\Energy_mechanism\Energy_mechanism\main.cpp(1,1): warning C4828: 文件包含在偏移 0xec7 处开始的字符，该字符在当前源字符集中无效(代码页 65001)。
D:\Git\public_task\Energy_mechanism\Energy_mechanism\main.cpp(1,1): warning C4828: 文件包含在偏移 0xec8 处开始的字符，该字符在当前源字符集中无效(代码页 65001)。
D:\Git\public_task\Energy_mechanism\Energy_mechanism\main.cpp(1,1): warning C4828: 文件包含在偏移 0xec9 处开始的字符，该字符在当前源字符集中无效(代码页 65001)。
D:\Git\public_task\Energy_mechanism\Energy_mechanism\main.cpp(1,1): warning C4828: 文件包含在偏移 0xeca 处开始的字符，该字符在当前源字符集中无效(代码页 65001)。
D:\Git\public_task\Energy_mechanism\Energy_mechanism\main.cpp(1,1): warning C4828: 文件包含在偏移 0xecf 处开始的字符，该字符在当前源字符集中无效(代码页 65001)。
D:\Git\public_task\Energy_mechanism\Energy_mechanism\main.cpp(1,1): warning C4828: 文件包含在偏移 0xed1 处开始的字符，该字符在当前源字符集中无效(代码页 65001)。
D:\Git\public_task\Energy_mechanism\Energy_mechanism\main.cpp(1,1): warning C4828: 文件包含在偏移 0xed2 处开始的字符，该字符在当前源字符集中无效(代码页 65001)。
D:\Git\public_task\Energy_mechanism\Energy_mechanism\main.cpp(1,1): warning C4828: 文件包含在偏移 0xed6 处开始的字符，该字符在当前源字符集中无效(代码页 65001)。
D:\Git\public_task\Energy_mechanism\Energy_mechanism\main.cpp(1,1): warning C4828: 文件包含在偏移 0xee6 处开始的字符，该字符在当前源字符集中无效(代码页 65001)。
D:\Git\public_task\Energy_mechanism\Energy_mechanism\main.cpp(1,1): warning C4828: 文件包含在偏移 0xee8 处开始的字符，该字符在当前源字符集中无效(代码页 65001)。
D:\Git\public_task\Energy_mechanism\Energy_mechanism\main.cpp(1,1): warning C4828: 文件包含在偏移 0xeea 处开始的字符，该字符在当前源字符集中无效(代码页 65001)。
D:\Git\public_task\Energy_mechanism\Energy_mechanism\main.cpp(1,1): warning C4828: 文件包含在偏移 0xf11 处开始的字符，该字符在当前源字符集中无效(代码页 65001)。
D:\Git\public_task\Energy_mechanism\Energy_mechanism\main.cpp(1,1): warning C4828: 文件包含在偏移 0xf12 处开始的字符，该字符在当前源字符集中无效(代码页 65001)。
D:\Git\public_task\Energy_mechanism\Energy_mechanism\main.cpp(1,1): warning C4828: 文件包含在偏移 0xf13 处开始的字符，该字符在当前源字符集中无效(代码页 65001)。
D:\Git\public_task\Energy_mechanism\Energy_mechanism\main.cpp(1,1): warning C4828: 文件包含在偏移 0xf14 处开始的字符，该字符在当前源字符集中无效(代码页 65001)。
D:\Git\public_task\Energy_mechanism\Energy_mechanism\main.cpp(1,1): warning C4828: 文件包含在偏移 0xf16 处开始的字符，该字符在当前源字符集中无效(代码页 65001)。
D:\Git\public_task\Energy_mechanism\Energy_mechanism\main.cpp(1,1): warning C4828: 文件包含在偏移 0xfc8 处开始的字符，该字符在当前源字符集中无效(代码页 65001)。
D:\Git\public_task\Energy_mechanism\Energy_mechanism\main.cpp(1,1): warning C4828: 文件包含在偏移 0xfca 处开始的字符，该字符在当前源字符集中无效(代码页 65001)。
D:\Git\public_task\Energy_mechanism\Energy_mechanism\main.cpp(1,1): warning C4828: 文件包含在偏移 0xfcb 处开始的字符，该字符在当前源字符集中无效(代码页 65001)。
D:\Git\public_task\Energy_mechanism\Energy_mechanism\main.cpp(44,12): warning C4244: “初始化”: 从“double”转换到“int”，可能丢失数据
D:\Git\public_task\Energy_mechanism\Energy_mechanism\main.cpp(153,20): warning C4244: “参数”: 从“double”转换到“int”，可能丢失数据
  Energy_mechanism.vcxproj -> D:\Git\public_task\Energy_mechanism\Energy_mechanism\x64\Debug\Energy_mechanism.exe
