  main.cpp
D:\Git\public_task\Armor_plate\Armor_plate_identification\main.cpp(1,1): warning C4828: 文件包含在偏移 0xf2 处开始的字符，该字符在当前源字符集中无效(代码页 65001)。
D:\Git\public_task\Armor_plate\Armor_plate_identification\main.cpp(1,1): warning C4828: 文件包含在偏移 0xf3 处开始的字符，该字符在当前源字符集中无效(代码页 65001)。
D:\Git\public_task\Armor_plate\Armor_plate_identification\main.cpp(1,1): warning C4828: 文件包含在偏移 0x10c 处开始的字符，该字符在当前源字符集中无效(代码页 65001)。
D:\Git\public_task\Armor_plate\Armor_plate_identification\main.cpp(1,1): warning C4828: 文件包含在偏移 0x10d 处开始的字符，该字符在当前源字符集中无效(代码页 65001)。
D:\Git\public_task\Armor_plate\Armor_plate_identification\main.cpp(1,1): warning C4828: 文件包含在偏移 0x10e 处开始的字符，该字符在当前源字符集中无效(代码页 65001)。
D:\Git\public_task\Armor_plate\Armor_plate_identification\main.cpp(1,1): warning C4828: 文件包含在偏移 0x111 处开始的字符，该字符在当前源字符集中无效(代码页 65001)。
D:\Git\public_task\Armor_plate\Armor_plate_identification\main.cpp(1,1): warning C4828: 文件包含在偏移 0x128 处开始的字符，该字符在当前源字符集中无效(代码页 65001)。
D:\Git\public_task\Armor_plate\Armor_plate_identification\main.cpp(1,1): warning C4828: 文件包含在偏移 0x12d 处开始的字符，该字符在当前源字符集中无效(代码页 65001)。
D:\Git\public_task\Armor_plate\Armor_plate_identification\main.cpp(1,1): warning C4828: 文件包含在偏移 0x145 处开始的字符，该字符在当前源字符集中无效(代码页 65001)。
D:\Git\public_task\Armor_plate\Armor_plate_identification\main.cpp(1,1): warning C4828: 文件包含在偏移 0x146 处开始的字符，该字符在当前源字符集中无效(代码页 65001)。
D:\Git\public_task\Armor_plate\Armor_plate_identification\main.cpp(1,1): warning C4828: 文件包含在偏移 0x147 处开始的字符，该字符在当前源字符集中无效(代码页 65001)。
D:\Git\public_task\Armor_plate\Armor_plate_identification\main.cpp(1,1): warning C4828: 文件包含在偏移 0x148 处开始的字符，该字符在当前源字符集中无效(代码页 65001)。
D:\Git\public_task\Armor_plate\Armor_plate_identification\main.cpp(1,1): warning C4828: 文件包含在偏移 0x15e 处开始的字符，该字符在当前源字符集中无效(代码页 65001)。
D:\Git\public_task\Armor_plate\Armor_plate_identification\main.cpp(1,1): warning C4828: 文件包含在偏移 0x160 处开始的字符，该字符在当前源字符集中无效(代码页 65001)。
D:\Git\public_task\Armor_plate\Armor_plate_identification\main.cpp(1,1): warning C4828: 文件包含在偏移 0x161 处开始的字符，该字符在当前源字符集中无效(代码页 65001)。
D:\Git\public_task\Armor_plate\Armor_plate_identification\main.cpp(1,1): warning C4828: 文件包含在偏移 0x17e 处开始的字符，该字符在当前源字符集中无效(代码页 65001)。
D:\Git\public_task\Armor_plate\Armor_plate_identification\main.cpp(1,1): warning C4828: 文件包含在偏移 0x182 处开始的字符，该字符在当前源字符集中无效(代码页 65001)。
D:\Git\public_task\Armor_plate\Armor_plate_identification\main.cpp(1,1): warning C4828: 文件包含在偏移 0x184 处开始的字符，该字符在当前源字符集中无效(代码页 65001)。
D:\Git\public_task\Armor_plate\Armor_plate_identification\main.cpp(1,1): warning C4828: 文件包含在偏移 0x185 处开始的字符，该字符在当前源字符集中无效(代码页 65001)。
D:\Git\public_task\Armor_plate\Armor_plate_identification\main.cpp(1,1): warning C4828: 文件包含在偏移 0x1a9 处开始的字符，该字符在当前源字符集中无效(代码页 65001)。
D:\Git\public_task\Armor_plate\Armor_plate_identification\main.cpp(1,1): warning C4828: 文件包含在偏移 0x1aa 处开始的字符，该字符在当前源字符集中无效(代码页 65001)。
D:\Git\public_task\Armor_plate\Armor_plate_identification\main.cpp(1,1): warning C4828: 文件包含在偏移 0x1ad 处开始的字符，该字符在当前源字符集中无效(代码页 65001)。
D:\Git\public_task\Armor_plate\Armor_plate_identification\main.cpp(1,1): warning C4828: 文件包含在偏移 0x1af 处开始的字符，该字符在当前源字符集中无效(代码页 65001)。
D:\Git\public_task\Armor_plate\Armor_plate_identification\main.cpp(1,1): warning C4828: 文件包含在偏移 0x1b0 处开始的字符，该字符在当前源字符集中无效(代码页 65001)。
D:\Git\public_task\Armor_plate\Armor_plate_identification\main.cpp(1,1): warning C4828: 文件包含在偏移 0x1d8 处开始的字符，该字符在当前源字符集中无效(代码页 65001)。
D:\Git\public_task\Armor_plate\Armor_plate_identification\main.cpp(1,1): warning C4828: 文件包含在偏移 0x1da 处开始的字符，该字符在当前源字符集中无效(代码页 65001)。
D:\Git\public_task\Armor_plate\Armor_plate_identification\main.cpp(1,1): warning C4828: 文件包含在偏移 0x1df 处开始的字符，该字符在当前源字符集中无效(代码页 65001)。
D:\Git\public_task\Armor_plate\Armor_plate_identification\main.cpp(1,1): warning C4828: 文件包含在偏移 0x1e2 处开始的字符，该字符在当前源字符集中无效(代码页 65001)。
D:\Git\public_task\Armor_plate\Armor_plate_identification\main.cpp(1,1): warning C4828: 文件包含在偏移 0x1e4 处开始的字符，该字符在当前源字符集中无效(代码页 65001)。
D:\Git\public_task\Armor_plate\Armor_plate_identification\main.cpp(1,1): warning C4828: 文件包含在偏移 0x1e5 处开始的字符，该字符在当前源字符集中无效(代码页 65001)。
D:\Git\public_task\Armor_plate\Armor_plate_identification\main.cpp(1,1): warning C4828: 文件包含在偏移 0x226 处开始的字符，该字符在当前源字符集中无效(代码页 65001)。
D:\Git\public_task\Armor_plate\Armor_plate_identification\main.cpp(1,1): warning C4828: 文件包含在偏移 0x227 处开始的字符，该字符在当前源字符集中无效(代码页 65001)。
D:\Git\public_task\Armor_plate\Armor_plate_identification\main.cpp(1,1): warning C4828: 文件包含在偏移 0x229 处开始的字符，该字符在当前源字符集中无效(代码页 65001)。
D:\Git\public_task\Armor_plate\Armor_plate_identification\main.cpp(1,1): warning C4828: 文件包含在偏移 0x22a 处开始的字符，该字符在当前源字符集中无效(代码页 65001)。
D:\Git\public_task\Armor_plate\Armor_plate_identification\main.cpp(1,1): warning C4828: 文件包含在偏移 0x230 处开始的字符，该字符在当前源字符集中无效(代码页 65001)。
D:\Git\public_task\Armor_plate\Armor_plate_identification\main.cpp(1,1): warning C4828: 文件包含在偏移 0x231 处开始的字符，该字符在当前源字符集中无效(代码页 65001)。
D:\Git\public_task\Armor_plate\Armor_plate_identification\main.cpp(1,1): warning C4828: 文件包含在偏移 0x235 处开始的字符，该字符在当前源字符集中无效(代码页 65001)。
D:\Git\public_task\Armor_plate\Armor_plate_identification\main.cpp(1,1): warning C4828: 文件包含在偏移 0x238 处开始的字符，该字符在当前源字符集中无效(代码页 65001)。
D:\Git\public_task\Armor_plate\Armor_plate_identification\main.cpp(1,1): warning C4828: 文件包含在偏移 0x239 处开始的字符，该字符在当前源字符集中无效(代码页 65001)。
D:\Git\public_task\Armor_plate\Armor_plate_identification\main.cpp(1,1): warning C4828: 文件包含在偏移 0x23d 处开始的字符，该字符在当前源字符集中无效(代码页 65001)。
D:\Git\public_task\Armor_plate\Armor_plate_identification\main.cpp(1,1): warning C4828: 文件包含在偏移 0x2a7 处开始的字符，该字符在当前源字符集中无效(代码页 65001)。
D:\Git\public_task\Armor_plate\Armor_plate_identification\main.cpp(1,1): warning C4828: 文件包含在偏移 0x2ab 处开始的字符，该字符在当前源字符集中无效(代码页 65001)。
D:\Git\public_task\Armor_plate\Armor_plate_identification\main.cpp(1,1): warning C4828: 文件包含在偏移 0x2ac 处开始的字符，该字符在当前源字符集中无效(代码页 65001)。
D:\Git\public_task\Armor_plate\Armor_plate_identification\main.cpp(1,1): warning C4828: 文件包含在偏移 0x2af 处开始的字符，该字符在当前源字符集中无效(代码页 65001)。
D:\Git\public_task\Armor_plate\Armor_plate_identification\main.cpp(1,1): warning C4828: 文件包含在偏移 0x2b1 处开始的字符，该字符在当前源字符集中无效(代码页 65001)。
D:\Git\public_task\Armor_plate\Armor_plate_identification\main.cpp(1,1): warning C4828: 文件包含在偏移 0x2b2 处开始的字符，该字符在当前源字符集中无效(代码页 65001)。
D:\Git\public_task\Armor_plate\Armor_plate_identification\main.cpp(1,1): warning C4828: 文件包含在偏移 0x2b6 处开始的字符，该字符在当前源字符集中无效(代码页 65001)。
D:\Git\public_task\Armor_plate\Armor_plate_identification\main.cpp(1,1): warning C4828: 文件包含在偏移 0x31b 处开始的字符，该字符在当前源字符集中无效(代码页 65001)。
D:\Git\public_task\Armor_plate\Armor_plate_identification\main.cpp(1,1): warning C4828: 文件包含在偏移 0x31c 处开始的字符，该字符在当前源字符集中无效(代码页 65001)。
D:\Git\public_task\Armor_plate\Armor_plate_identification\main.cpp(1,1): warning C4828: 文件包含在偏移 0x320 处开始的字符，该字符在当前源字符集中无效(代码页 65001)。
D:\Git\public_task\Armor_plate\Armor_plate_identification\main.cpp(1,1): warning C4828: 文件包含在偏移 0x324 处开始的字符，该字符在当前源字符集中无效(代码页 65001)。
D:\Git\public_task\Armor_plate\Armor_plate_identification\main.cpp(1,1): warning C4828: 文件包含在偏移 0x325 处开始的字符，该字符在当前源字符集中无效(代码页 65001)。
D:\Git\public_task\Armor_plate\Armor_plate_identification\main.cpp(1,1): warning C4828: 文件包含在偏移 0x32d 处开始的字符，该字符在当前源字符集中无效(代码页 65001)。
D:\Git\public_task\Armor_plate\Armor_plate_identification\main.cpp(1,1): warning C4828: 文件包含在偏移 0x32f 处开始的字符，该字符在当前源字符集中无效(代码页 65001)。
D:\Git\public_task\Armor_plate\Armor_plate_identification\main.cpp(1,1): warning C4828: 文件包含在偏移 0x330 处开始的字符，该字符在当前源字符集中无效(代码页 65001)。
D:\Git\public_task\Armor_plate\Armor_plate_identification\main.cpp(1,1): warning C4828: 文件包含在偏移 0x331 处开始的字符，该字符在当前源字符集中无效(代码页 65001)。
D:\Git\public_task\Armor_plate\Armor_plate_identification\main.cpp(1,1): warning C4828: 文件包含在偏移 0x333 处开始的字符，该字符在当前源字符集中无效(代码页 65001)。
D:\Git\public_task\Armor_plate\Armor_plate_identification\main.cpp(1,1): warning C4828: 文件包含在偏移 0x335 处开始的字符，该字符在当前源字符集中无效(代码页 65001)。
D:\Git\public_task\Armor_plate\Armor_plate_identification\main.cpp(1,1): warning C4828: 文件包含在偏移 0x336 处开始的字符，该字符在当前源字符集中无效(代码页 65001)。
D:\Git\public_task\Armor_plate\Armor_plate_identification\main.cpp(1,1): warning C4828: 文件包含在偏移 0x338 处开始的字符，该字符在当前源字符集中无效(代码页 65001)。
D:\Git\public_task\Armor_plate\Armor_plate_identification\main.cpp(1,1): warning C4828: 文件包含在偏移 0x33a 处开始的字符，该字符在当前源字符集中无效(代码页 65001)。
D:\Git\public_task\Armor_plate\Armor_plate_identification\main.cpp(1,1): warning C4828: 文件包含在偏移 0x33d 处开始的字符，该字符在当前源字符集中无效(代码页 65001)。
D:\Git\public_task\Armor_plate\Armor_plate_identification\main.cpp(1,1): warning C4828: 文件包含在偏移 0x4bd 处开始的字符，该字符在当前源字符集中无效(代码页 65001)。
D:\Git\public_task\Armor_plate\Armor_plate_identification\main.cpp(1,1): warning C4828: 文件包含在偏移 0x4bf 处开始的字符，该字符在当前源字符集中无效(代码页 65001)。
D:\Git\public_task\Armor_plate\Armor_plate_identification\main.cpp(1,1): warning C4828: 文件包含在偏移 0x4c1 处开始的字符，该字符在当前源字符集中无效(代码页 65001)。
D:\Git\public_task\Armor_plate\Armor_plate_identification\main.cpp(1,1): warning C4828: 文件包含在偏移 0x4c5 处开始的字符，该字符在当前源字符集中无效(代码页 65001)。
D:\Git\public_task\Armor_plate\Armor_plate_identification\main.cpp(1,1): warning C4828: 文件包含在偏移 0x4c7 处开始的字符，该字符在当前源字符集中无效(代码页 65001)。
D:\Git\public_task\Armor_plate\Armor_plate_identification\main.cpp(1,1): warning C4828: 文件包含在偏移 0x4c8 处开始的字符，该字符在当前源字符集中无效(代码页 65001)。
D:\Git\public_task\Armor_plate\Armor_plate_identification\main.cpp(1,1): warning C4828: 文件包含在偏移 0x59c 处开始的字符，该字符在当前源字符集中无效(代码页 65001)。
D:\Git\public_task\Armor_plate\Armor_plate_identification\main.cpp(1,1): warning C4828: 文件包含在偏移 0x59d 处开始的字符，该字符在当前源字符集中无效(代码页 65001)。
D:\Git\public_task\Armor_plate\Armor_plate_identification\main.cpp(1,1): warning C4828: 文件包含在偏移 0x5a1 处开始的字符，该字符在当前源字符集中无效(代码页 65001)。
D:\Git\public_task\Armor_plate\Armor_plate_identification\main.cpp(1,1): warning C4828: 文件包含在偏移 0x5a4 处开始的字符，该字符在当前源字符集中无效(代码页 65001)。
D:\Git\public_task\Armor_plate\Armor_plate_identification\main.cpp(1,1): warning C4828: 文件包含在偏移 0x5a5 处开始的字符，该字符在当前源字符集中无效(代码页 65001)。
D:\Git\public_task\Armor_plate\Armor_plate_identification\main.cpp(1,1): warning C4828: 文件包含在偏移 0x5a6 处开始的字符，该字符在当前源字符集中无效(代码页 65001)。
D:\Git\public_task\Armor_plate\Armor_plate_identification\main.cpp(1,1): warning C4828: 文件包含在偏移 0x5a7 处开始的字符，该字符在当前源字符集中无效(代码页 65001)。
D:\Git\public_task\Armor_plate\Armor_plate_identification\main.cpp(1,1): warning C4828: 文件包含在偏移 0x5a9 处开始的字符，该字符在当前源字符集中无效(代码页 65001)。
D:\Git\public_task\Armor_plate\Armor_plate_identification\main.cpp(1,1): warning C4828: 文件包含在偏移 0x5e8 处开始的字符，该字符在当前源字符集中无效(代码页 65001)。
D:\Git\public_task\Armor_plate\Armor_plate_identification\main.cpp(1,1): warning C4828: 文件包含在偏移 0x629 处开始的字符，该字符在当前源字符集中无效(代码页 65001)。
D:\Git\public_task\Armor_plate\Armor_plate_identification\main.cpp(1,1): warning C4828: 文件包含在偏移 0x62a 处开始的字符，该字符在当前源字符集中无效(代码页 65001)。
D:\Git\public_task\Armor_plate\Armor_plate_identification\main.cpp(1,1): warning C4828: 文件包含在偏移 0x66a 处开始的字符，该字符在当前源字符集中无效(代码页 65001)。
D:\Git\public_task\Armor_plate\Armor_plate_identification\main.cpp(1,1): warning C4828: 文件包含在偏移 0x66b 处开始的字符，该字符在当前源字符集中无效(代码页 65001)。
D:\Git\public_task\Armor_plate\Armor_plate_identification\main.cpp(1,1): warning C4828: 文件包含在偏移 0x66c 处开始的字符，该字符在当前源字符集中无效(代码页 65001)。
D:\Git\public_task\Armor_plate\Armor_plate_identification\main.cpp(1,1): warning C4828: 文件包含在偏移 0x66f 处开始的字符，该字符在当前源字符集中无效(代码页 65001)。
D:\Git\public_task\Armor_plate\Armor_plate_identification\main.cpp(1,1): warning C4828: 文件包含在偏移 0x6bd 处开始的字符，该字符在当前源字符集中无效(代码页 65001)。
D:\Git\public_task\Armor_plate\Armor_plate_identification\main.cpp(1,1): warning C4828: 文件包含在偏移 0x6c2 处开始的字符，该字符在当前源字符集中无效(代码页 65001)。
D:\Git\public_task\Armor_plate\Armor_plate_identification\main.cpp(1,1): warning C4828: 文件包含在偏移 0x70c 处开始的字符，该字符在当前源字符集中无效(代码页 65001)。
D:\Git\public_task\Armor_plate\Armor_plate_identification\main.cpp(1,1): warning C4828: 文件包含在偏移 0x70d 处开始的字符，该字符在当前源字符集中无效(代码页 65001)。
D:\Git\public_task\Armor_plate\Armor_plate_identification\main.cpp(1,1): warning C4828: 文件包含在偏移 0x70e 处开始的字符，该字符在当前源字符集中无效(代码页 65001)。
D:\Git\public_task\Armor_plate\Armor_plate_identification\main.cpp(1,1): warning C4828: 文件包含在偏移 0x70f 处开始的字符，该字符在当前源字符集中无效(代码页 65001)。
D:\Git\public_task\Armor_plate\Armor_plate_identification\main.cpp(1,1): warning C4828: 文件包含在偏移 0x75d 处开始的字符，该字符在当前源字符集中无效(代码页 65001)。
D:\Git\public_task\Armor_plate\Armor_plate_identification\main.cpp(1,1): warning C4828: 文件包含在偏移 0x75f 处开始的字符，该字符在当前源字符集中无效(代码页 65001)。
D:\Git\public_task\Armor_plate\Armor_plate_identification\main.cpp(1,1): warning C4828: 文件包含在偏移 0x760 处开始的字符，该字符在当前源字符集中无效(代码页 65001)。
D:\Git\public_task\Armor_plate\Armor_plate_identification\main.cpp(1,1): warning C4828: 文件包含在偏移 0x952 处开始的字符，该字符在当前源字符集中无效(代码页 65001)。
D:\Git\public_task\Armor_plate\Armor_plate_identification\main.cpp(1,1): warning C4828: 文件包含在偏移 0x954 处开始的字符，该字符在当前源字符集中无效(代码页 65001)。
D:\Git\public_task\Armor_plate\Armor_plate_identification\main.cpp(1,1): warning C4828: 文件包含在偏移 0x956 处开始的字符，该字符在当前源字符集中无效(代码页 65001)。
D:\Git\public_task\Armor_plate\Armor_plate_identification\main.cpp(1,1): warning C4828: 文件包含在偏移 0x958 处开始的字符，该字符在当前源字符集中无效(代码页 65001)。
D:\Git\public_task\Armor_plate\Armor_plate_identification\main.cpp(1,1): warning C4828: 文件包含在偏移 0x95c 处开始的字符，该字符在当前源字符集中无效(代码页 65001)。
D:\Git\public_task\Armor_plate\Armor_plate_identification\main.cpp(1,1): warning C4828: 文件包含在偏移 0x95d 处开始的字符，该字符在当前源字符集中无效(代码页 65001)。
D:\Git\public_task\Armor_plate\Armor_plate_identification\main.cpp(1,1): warning C4828: 文件包含在偏移 0x95f 处开始的字符，该字符在当前源字符集中无效(代码页 65001)。
D:\Git\public_task\Armor_plate\Armor_plate_identification\main.cpp(1,1): warning C4828: 文件包含在偏移 0xa33 处开始的字符，该字符在当前源字符集中无效(代码页 65001)。
D:\Git\public_task\Armor_plate\Armor_plate_identification\main.cpp(1,1): warning C4828: 文件包含在偏移 0xa34 处开始的字符，该字符在当前源字符集中无效(代码页 65001)。
D:\Git\public_task\Armor_plate\Armor_plate_identification\main.cpp(1,1): warning C4828: 文件包含在偏移 0xa38 处开始的字符，该字符在当前源字符集中无效(代码页 65001)。
D:\Git\public_task\Armor_plate\Armor_plate_identification\main.cpp(1,1): warning C4828: 文件包含在偏移 0xa39 处开始的字符，该字符在当前源字符集中无效(代码页 65001)。
D:\Git\public_task\Armor_plate\Armor_plate_identification\main.cpp(1,1): warning C4828: 文件包含在偏移 0xa3a 处开始的字符，该字符在当前源字符集中无效(代码页 65001)。
D:\Git\public_task\Armor_plate\Armor_plate_identification\main.cpp(1,1): warning C4828: 文件包含在偏移 0xa3e 处开始的字符，该字符在当前源字符集中无效(代码页 65001)。
D:\Git\public_task\Armor_plate\Armor_plate_identification\main.cpp(1,1): warning C4828: 文件包含在偏移 0xa40 处开始的字符，该字符在当前源字符集中无效(代码页 65001)。
D:\Git\public_task\Armor_plate\Armor_plate_identification\main.cpp(1,1): warning C4828: 文件包含在偏移 0xc01 处开始的字符，该字符在当前源字符集中无效(代码页 65001)。
D:\Git\public_task\Armor_plate\Armor_plate_identification\main.cpp(1,1): warning C4828: 文件包含在偏移 0xc02 处开始的字符，该字符在当前源字符集中无效(代码页 65001)。
D:\Git\public_task\Armor_plate\Armor_plate_identification\main.cpp(1,1): warning C4828: 文件包含在偏移 0xc04 处开始的字符，该字符在当前源字符集中无效(代码页 65001)。
D:\Git\public_task\Armor_plate\Armor_plate_identification\main.cpp(1,1): warning C4828: 文件包含在偏移 0xc05 处开始的字符，该字符在当前源字符集中无效(代码页 65001)。
D:\Git\public_task\Armor_plate\Armor_plate_identification\main.cpp(1,1): warning C4828: 文件包含在偏移 0xcdb 处开始的字符，该字符在当前源字符集中无效(代码页 65001)。
D:\Git\public_task\Armor_plate\Armor_plate_identification\main.cpp(1,1): warning C4828: 文件包含在偏移 0xcdc 处开始的字符，该字符在当前源字符集中无效(代码页 65001)。
D:\Git\public_task\Armor_plate\Armor_plate_identification\main.cpp(1,1): warning C4828: 文件包含在偏移 0xd3d 处开始的字符，该字符在当前源字符集中无效(代码页 65001)。
D:\Git\public_task\Armor_plate\Armor_plate_identification\main.cpp(1,1): warning C4828: 文件包含在偏移 0xd4b 处开始的字符，该字符在当前源字符集中无效(代码页 65001)。
D:\Git\public_task\Armor_plate\Armor_plate_identification\main.cpp(1,1): warning C4828: 文件包含在偏移 0xd4d 处开始的字符，该字符在当前源字符集中无效(代码页 65001)。
D:\Git\public_task\Armor_plate\Armor_plate_identification\main.cpp(1,1): warning C4828: 文件包含在偏移 0xd4e 处开始的字符，该字符在当前源字符集中无效(代码页 65001)。
D:\Git\public_task\Armor_plate\Armor_plate_identification\main.cpp(1,1): warning C4828: 文件包含在偏移 0xeaa 处开始的字符，该字符在当前源字符集中无效(代码页 65001)。
D:\Git\public_task\Armor_plate\Armor_plate_identification\main.cpp(1,1): warning C4828: 文件包含在偏移 0xeaf 处开始的字符，该字符在当前源字符集中无效(代码页 65001)。
D:\Git\public_task\Armor_plate\Armor_plate_identification\main.cpp(1,1): warning C4828: 文件包含在偏移 0xee3 处开始的字符，该字符在当前源字符集中无效(代码页 65001)。
D:\Git\public_task\Armor_plate\Armor_plate_identification\main.cpp(1,1): warning C4828: 文件包含在偏移 0xee4 处开始的字符，该字符在当前源字符集中无效(代码页 65001)。
D:\Git\public_task\Armor_plate\Armor_plate_identification\main.cpp(1,1): warning C4828: 文件包含在偏移 0xee6 处开始的字符，该字符在当前源字符集中无效(代码页 65001)。
D:\Git\public_task\Armor_plate\Armor_plate_identification\main.cpp(1,1): warning C4828: 文件包含在偏移 0xee7 处开始的字符，该字符在当前源字符集中无效(代码页 65001)。
D:\Git\public_task\Armor_plate\Armor_plate_identification\main.cpp(1,1): warning C4828: 文件包含在偏移 0xee9 处开始的字符，该字符在当前源字符集中无效(代码页 65001)。
D:\Git\public_task\Armor_plate\Armor_plate_identification\main.cpp(1,1): warning C4828: 文件包含在偏移 0xeea 处开始的字符，该字符在当前源字符集中无效(代码页 65001)。
D:\Git\public_task\Armor_plate\Armor_plate_identification\main.cpp(1,1): warning C4828: 文件包含在偏移 0xf22 处开始的字符，该字符在当前源字符集中无效(代码页 65001)。
D:\Git\public_task\Armor_plate\Armor_plate_identification\main.cpp(1,1): warning C4828: 文件包含在偏移 0xf23 处开始的字符，该字符在当前源字符集中无效(代码页 65001)。
D:\Git\public_task\Armor_plate\Armor_plate_identification\main.cpp(1,1): warning C4828: 文件包含在偏移 0xf26 处开始的字符，该字符在当前源字符集中无效(代码页 65001)。
D:\Git\public_task\Armor_plate\Armor_plate_identification\main.cpp(1,1): warning C4828: 文件包含在偏移 0xf27 处开始的字符，该字符在当前源字符集中无效(代码页 65001)。
D:\Git\public_task\Armor_plate\Armor_plate_identification\main.cpp(1,1): warning C4828: 文件包含在偏移 0xf8b 处开始的字符，该字符在当前源字符集中无效(代码页 65001)。
D:\Git\public_task\Armor_plate\Armor_plate_identification\main.cpp(1,1): warning C4828: 文件包含在偏移 0xf8c 处开始的字符，该字符在当前源字符集中无效(代码页 65001)。
D:\Git\public_task\Armor_plate\Armor_plate_identification\main.cpp(1,1): warning C4828: 文件包含在偏移 0xf8e 处开始的字符，该字符在当前源字符集中无效(代码页 65001)。
D:\Git\public_task\Armor_plate\Armor_plate_identification\main.cpp(1,1): warning C4828: 文件包含在偏移 0xf8f 处开始的字符，该字符在当前源字符集中无效(代码页 65001)。
D:\Git\public_task\Armor_plate\Armor_plate_identification\main.cpp(1,1): warning C4828: 文件包含在偏移 0xf91 处开始的字符，该字符在当前源字符集中无效(代码页 65001)。
D:\Git\public_task\Armor_plate\Armor_plate_identification\main.cpp(1,1): warning C4828: 文件包含在偏移 0xf92 处开始的字符，该字符在当前源字符集中无效(代码页 65001)。
D:\Git\public_task\Armor_plate\Armor_plate_identification\main.cpp(1,1): warning C4828: 文件包含在偏移 0xfe4 处开始的字符，该字符在当前源字符集中无效(代码页 65001)。
D:\Git\public_task\Armor_plate\Armor_plate_identification\main.cpp(1,1): warning C4828: 文件包含在偏移 0xfe5 处开始的字符，该字符在当前源字符集中无效(代码页 65001)。
D:\Git\public_task\Armor_plate\Armor_plate_identification\main.cpp(1,1): warning C4828: 文件包含在偏移 0xfe8 处开始的字符，该字符在当前源字符集中无效(代码页 65001)。
D:\Git\public_task\Armor_plate\Armor_plate_identification\main.cpp(1,1): warning C4828: 文件包含在偏移 0xfe9 处开始的字符，该字符在当前源字符集中无效(代码页 65001)。
D:\Git\public_task\Armor_plate\Armor_plate_identification\main.cpp(1,1): warning C4828: 文件包含在偏移 0x1040 处开始的字符，该字符在当前源字符集中无效(代码页 65001)。
D:\Git\public_task\Armor_plate\Armor_plate_identification\main.cpp(1,1): warning C4828: 文件包含在偏移 0x1041 处开始的字符，该字符在当前源字符集中无效(代码页 65001)。
D:\Git\public_task\Armor_plate\Armor_plate_identification\main.cpp(1,1): warning C4828: 文件包含在偏移 0x10a1 处开始的字符，该字符在当前源字符集中无效(代码页 65001)。
D:\Git\public_task\Armor_plate\Armor_plate_identification\main.cpp(1,1): warning C4828: 文件包含在偏移 0x10a3 处开始的字符，该字符在当前源字符集中无效(代码页 65001)。
D:\Git\public_task\Armor_plate\Armor_plate_identification\main.cpp(1,1): warning C4828: 文件包含在偏移 0x10b4 处开始的字符，该字符在当前源字符集中无效(代码页 65001)。
D:\Git\public_task\Armor_plate\Armor_plate_identification\main.cpp(1,1): warning C4828: 文件包含在偏移 0x10b6 处开始的字符，该字符在当前源字符集中无效(代码页 65001)。
D:\Git\public_task\Armor_plate\Armor_plate_identification\main.cpp(1,1): warning C4828: 文件包含在偏移 0x10b7 处开始的字符，该字符在当前源字符集中无效(代码页 65001)。
D:\Git\public_task\Armor_plate\Armor_plate_identification\main.cpp(1,1): warning C4828: 文件包含在偏移 0x10b8 处开始的字符，该字符在当前源字符集中无效(代码页 65001)。
D:\Git\public_task\Armor_plate\Armor_plate_identification\main.cpp(1,1): warning C4828: 文件包含在偏移 0x10b9 处开始的字符，该字符在当前源字符集中无效(代码页 65001)。
D:\Git\public_task\Armor_plate\Armor_plate_identification\main.cpp(1,1): warning C4828: 文件包含在偏移 0x1160 处开始的字符，该字符在当前源字符集中无效(代码页 65001)。
D:\Git\public_task\Armor_plate\Armor_plate_identification\main.cpp(1,1): warning C4828: 文件包含在偏移 0x1161 处开始的字符，该字符在当前源字符集中无效(代码页 65001)。
D:\Git\public_task\Armor_plate\Armor_plate_identification\main.cpp(1,1): warning C4828: 文件包含在偏移 0x1165 处开始的字符，该字符在当前源字符集中无效(代码页 65001)。
D:\Git\public_task\Armor_plate\Armor_plate_identification\main.cpp(1,1): warning C4828: 文件包含在偏移 0x1167 处开始的字符，该字符在当前源字符集中无效(代码页 65001)。
D:\Git\public_task\Armor_plate\Armor_plate_identification\main.cpp(1,1): warning C4828: 文件包含在偏移 0x116e 处开始的字符，该字符在当前源字符集中无效(代码页 65001)。
D:\Git\public_task\Armor_plate\Armor_plate_identification\main.cpp(1,1): warning C4828: 文件包含在偏移 0x116f 处开始的字符，该字符在当前源字符集中无效(代码页 65001)。
D:\Git\public_task\Armor_plate\Armor_plate_identification\main.cpp(1,1): warning C4828: 文件包含在偏移 0x1173 处开始的字符，该字符在当前源字符集中无效(代码页 65001)。
D:\Git\public_task\Armor_plate\Armor_plate_identification\main.cpp(1,1): warning C4828: 文件包含在偏移 0x1176 处开始的字符，该字符在当前源字符集中无效(代码页 65001)。
D:\Git\public_task\Armor_plate\Armor_plate_identification\main.cpp(1,1): warning C4828: 文件包含在偏移 0x1178 处开始的字符，该字符在当前源字符集中无效(代码页 65001)。
D:\Git\public_task\Armor_plate\Armor_plate_identification\main.cpp(1,1): warning C4828: 文件包含在偏移 0x1179 处开始的字符，该字符在当前源字符集中无效(代码页 65001)。
D:\Git\public_task\Armor_plate\Armor_plate_identification\main.cpp(1,1): warning C4828: 文件包含在偏移 0x11e9 处开始的字符，该字符在当前源字符集中无效(代码页 65001)。
D:\Git\public_task\Armor_plate\Armor_plate_identification\main.cpp(1,1): warning C4828: 文件包含在偏移 0x11eb 处开始的字符，该字符在当前源字符集中无效(代码页 65001)。
D:\Git\public_task\Armor_plate\Armor_plate_identification\main.cpp(1,1): warning C4828: 文件包含在偏移 0x11ec 处开始的字符，该字符在当前源字符集中无效(代码页 65001)。
D:\Git\public_task\Armor_plate\Armor_plate_identification\main.cpp(1,1): warning C4828: 文件包含在偏移 0x11ed 处开始的字符，该字符在当前源字符集中无效(代码页 65001)。
D:\Git\public_task\Armor_plate\Armor_plate_identification\main.cpp(1,1): warning C4828: 文件包含在偏移 0x11ef 处开始的字符，该字符在当前源字符集中无效(代码页 65001)。
D:\Git\public_task\Armor_plate\Armor_plate_identification\main.cpp(1,1): warning C4828: 文件包含在偏移 0x11f0 处开始的字符，该字符在当前源字符集中无效(代码页 65001)。
D:\Git\public_task\Armor_plate\Armor_plate_identification\main.cpp(1,1): warning C4828: 文件包含在偏移 0x11f2 处开始的字符，该字符在当前源字符集中无效(代码页 65001)。
D:\Git\public_task\Armor_plate\Armor_plate_identification\main.cpp(1,1): warning C4828: 文件包含在偏移 0x11f4 处开始的字符，该字符在当前源字符集中无效(代码页 65001)。
D:\Git\public_task\Armor_plate\Armor_plate_identification\main.cpp(1,1): warning C4828: 文件包含在偏移 0x11f5 处开始的字符，该字符在当前源字符集中无效(代码页 65001)。
D:\Git\public_task\Armor_plate\Armor_plate_identification\main.cpp(1,1): warning C4828: 文件包含在偏移 0x11f6 处开始的字符，该字符在当前源字符集中无效(代码页 65001)。
D:\Git\public_task\Armor_plate\Armor_plate_identification\main.cpp(1,1): warning C4828: 文件包含在偏移 0x1257 处开始的字符，该字符在当前源字符集中无效(代码页 65001)。
D:\Git\public_task\Armor_plate\Armor_plate_identification\main.cpp(1,1): warning C4828: 文件包含在偏移 0x1258 处开始的字符，该字符在当前源字符集中无效(代码页 65001)。
D:\Git\public_task\Armor_plate\Armor_plate_identification\main.cpp(1,1): warning C4828: 文件包含在偏移 0x125c 处开始的字符，该字符在当前源字符集中无效(代码页 65001)。
D:\Git\public_task\Armor_plate\Armor_plate_identification\main.cpp(1,1): warning C4828: 文件包含在偏移 0x125d 处开始的字符，该字符在当前源字符集中无效(代码页 65001)。
D:\Git\public_task\Armor_plate\Armor_plate_identification\main.cpp(1,1): warning C4828: 文件包含在偏移 0x125e 处开始的字符，该字符在当前源字符集中无效(代码页 65001)。
D:\Git\public_task\Armor_plate\Armor_plate_identification\main.cpp(1,1): warning C4828: 文件包含在偏移 0x138c 处开始的字符，该字符在当前源字符集中无效(代码页 65001)。
D:\Git\public_task\Armor_plate\Armor_plate_identification\main.cpp(1,1): warning C4828: 文件包含在偏移 0x138d 处开始的字符，该字符在当前源字符集中无效(代码页 65001)。
D:\Git\public_task\Armor_plate\Armor_plate_identification\main.cpp(1,1): warning C4828: 文件包含在偏移 0x138e 处开始的字符，该字符在当前源字符集中无效(代码页 65001)。
D:\Git\public_task\Armor_plate\Armor_plate_identification\main.cpp(1,1): warning C4828: 文件包含在偏移 0x138f 处开始的字符，该字符在当前源字符集中无效(代码页 65001)。
D:\Git\public_task\Armor_plate\Armor_plate_identification\main.cpp(1,1): warning C4828: 文件包含在偏移 0x1394 处开始的字符，该字符在当前源字符集中无效(代码页 65001)。
D:\Git\public_task\Armor_plate\Armor_plate_identification\main.cpp(1,1): warning C4828: 文件包含在偏移 0x1396 处开始的字符，该字符在当前源字符集中无效(代码页 65001)。
D:\Git\public_task\Armor_plate\Armor_plate_identification\main.cpp(1,1): warning C4828: 文件包含在偏移 0x1397 处开始的字符，该字符在当前源字符集中无效(代码页 65001)。
D:\Git\public_task\Armor_plate\Armor_plate_identification\main.cpp(1,1): warning C4828: 文件包含在偏移 0x139b 处开始的字符，该字符在当前源字符集中无效(代码页 65001)。
D:\Git\public_task\Armor_plate\Armor_plate_identification\main.cpp(1,1): warning C4828: 文件包含在偏移 0x13ab 处开始的字符，该字符在当前源字符集中无效(代码页 65001)。
D:\Git\public_task\Armor_plate\Armor_plate_identification\main.cpp(1,1): warning C4828: 文件包含在偏移 0x13ad 处开始的字符，该字符在当前源字符集中无效(代码页 65001)。
D:\Git\public_task\Armor_plate\Armor_plate_identification\main.cpp(1,1): warning C4828: 文件包含在偏移 0x13af 处开始的字符，该字符在当前源字符集中无效(代码页 65001)。
D:\Git\public_task\Armor_plate\Armor_plate_identification\main.cpp(1,1): warning C4828: 文件包含在偏移 0x13d4 处开始的字符，该字符在当前源字符集中无效(代码页 65001)。
D:\Git\public_task\Armor_plate\Armor_plate_identification\main.cpp(1,1): warning C4828: 文件包含在偏移 0x13d5 处开始的字符，该字符在当前源字符集中无效(代码页 65001)。
D:\Git\public_task\Armor_plate\Armor_plate_identification\main.cpp(1,1): warning C4828: 文件包含在偏移 0x13d6 处开始的字符，该字符在当前源字符集中无效(代码页 65001)。
D:\Git\public_task\Armor_plate\Armor_plate_identification\main.cpp(1,1): warning C4828: 文件包含在偏移 0x13d7 处开始的字符，该字符在当前源字符集中无效(代码页 65001)。
D:\Git\public_task\Armor_plate\Armor_plate_identification\main.cpp(1,1): warning C4828: 文件包含在偏移 0x13d9 处开始的字符，该字符在当前源字符集中无效(代码页 65001)。
D:\Git\public_task\Armor_plate\Armor_plate_identification\main.cpp(1,1): warning C4828: 文件包含在偏移 0x1462 处开始的字符，该字符在当前源字符集中无效(代码页 65001)。
D:\Git\public_task\Armor_plate\Armor_plate_identification\main.cpp(1,1): warning C4828: 文件包含在偏移 0x1463 处开始的字符，该字符在当前源字符集中无效(代码页 65001)。
D:\Git\public_task\Armor_plate\Armor_plate_identification\main.cpp(1,1): warning C4828: 文件包含在偏移 0x1464 处开始的字符，该字符在当前源字符集中无效(代码页 65001)。
D:\Git\public_task\Armor_plate\Armor_plate_identification\main.cpp(1,1): warning C4828: 文件包含在偏移 0x1467 处开始的字符，该字符在当前源字符集中无效(代码页 65001)。
D:\Git\public_task\Armor_plate\Armor_plate_identification\main.cpp(1,1): warning C4828: 文件包含在偏移 0x146a 处开始的字符，该字符在当前源字符集中无效(代码页 65001)。
D:\Git\public_task\Armor_plate\Armor_plate_identification\main.cpp(1,1): warning C4828: 文件包含在偏移 0x146c 处开始的字符，该字符在当前源字符集中无效(代码页 65001)。
D:\Git\public_task\Armor_plate\Armor_plate_identification\main.cpp(1,1): warning C4828: 文件包含在偏移 0x146e 处开始的字符，该字符在当前源字符集中无效(代码页 65001)。
D:\Git\public_task\Armor_plate\Armor_plate_identification\main.cpp(1,1): warning C4828: 文件包含在偏移 0x1470 处开始的字符，该字符在当前源字符集中无效(代码页 65001)。
D:\Git\public_task\Armor_plate\Armor_plate_identification\main.cpp(1,1): warning C4828: 文件包含在偏移 0x1471 处开始的字符，该字符在当前源字符集中无效(代码页 65001)。
D:\Git\public_task\Armor_plate\Armor_plate_identification\main.cpp(1,1): warning C4828: 文件包含在偏移 0x1498 处开始的字符，该字符在当前源字符集中无效(代码页 65001)。
D:\Git\public_task\Armor_plate\Armor_plate_identification\main.cpp(1,1): warning C4828: 文件包含在偏移 0x1499 处开始的字符，该字符在当前源字符集中无效(代码页 65001)。
D:\Git\public_task\Armor_plate\Armor_plate_identification\main.cpp(1,1): warning C4828: 文件包含在偏移 0x149a 处开始的字符，该字符在当前源字符集中无效(代码页 65001)。
D:\Git\public_task\Armor_plate\Armor_plate_identification\main.cpp(1,1): warning C4828: 文件包含在偏移 0x149d 处开始的字符，该字符在当前源字符集中无效(代码页 65001)。
D:\Git\public_task\Armor_plate\Armor_plate_identification\main.cpp(1,1): warning C4828: 文件包含在偏移 0x14a0 处开始的字符，该字符在当前源字符集中无效(代码页 65001)。
D:\Git\public_task\Armor_plate\Armor_plate_identification\main.cpp(1,1): warning C4828: 文件包含在偏移 0x14a2 处开始的字符，该字符在当前源字符集中无效(代码页 65001)。
D:\Git\public_task\Armor_plate\Armor_plate_identification\main.cpp(1,1): warning C4828: 文件包含在偏移 0x14a4 处开始的字符，该字符在当前源字符集中无效(代码页 65001)。
D:\Git\public_task\Armor_plate\Armor_plate_identification\main.cpp(1,1): warning C4828: 文件包含在偏移 0x14a6 处开始的字符，该字符在当前源字符集中无效(代码页 65001)。
D:\Git\public_task\Armor_plate\Armor_plate_identification\main.cpp(1,1): warning C4828: 文件包含在偏移 0x14a7 处开始的字符，该字符在当前源字符集中无效(代码页 65001)。
D:\Git\public_task\Armor_plate\Armor_plate_identification\main.cpp(1,1): warning C4828: 文件包含在偏移 0x15ed 处开始的字符，该字符在当前源字符集中无效(代码页 65001)。
D:\Git\public_task\Armor_plate\Armor_plate_identification\main.cpp(1,1): warning C4828: 文件包含在偏移 0x15ee 处开始的字符，该字符在当前源字符集中无效(代码页 65001)。
D:\Git\public_task\Armor_plate\Armor_plate_identification\main.cpp(1,1): warning C4828: 文件包含在偏移 0x16e5 处开始的字符，该字符在当前源字符集中无效(代码页 65001)。
D:\Git\public_task\Armor_plate\Armor_plate_identification\main.cpp(1,1): warning C4828: 文件包含在偏移 0x16e7 处开始的字符，该字符在当前源字符集中无效(代码页 65001)。
D:\Git\public_task\Armor_plate\Armor_plate_identification\main.cpp(1,1): warning C4828: 文件包含在偏移 0x16ea 处开始的字符，该字符在当前源字符集中无效(代码页 65001)。
D:\Git\public_task\Armor_plate\Armor_plate_identification\main.cpp(1,1): warning C4828: 文件包含在偏移 0x16ec 处开始的字符，该字符在当前源字符集中无效(代码页 65001)。
D:\Git\public_task\Armor_plate\Armor_plate_identification\main.cpp(1,1): warning C4828: 文件包含在偏移 0x1746 处开始的字符，该字符在当前源字符集中无效(代码页 65001)。
D:\Git\public_task\Armor_plate\Armor_plate_identification\main.cpp(1,1): warning C4828: 文件包含在偏移 0x1747 处开始的字符，该字符在当前源字符集中无效(代码页 65001)。
D:\Git\public_task\Armor_plate\Armor_plate_identification\main.cpp(1,1): warning C4828: 文件包含在偏移 0x1748 处开始的字符，该字符在当前源字符集中无效(代码页 65001)。
D:\Git\public_task\Armor_plate\Armor_plate_identification\main.cpp(1,1): warning C4828: 文件包含在偏移 0x1749 处开始的字符，该字符在当前源字符集中无效(代码页 65001)。
D:\Git\public_task\Armor_plate\Armor_plate_identification\main.cpp(1,1): warning C4828: 文件包含在偏移 0x174c 处开始的字符，该字符在当前源字符集中无效(代码页 65001)。
D:\Git\public_task\Armor_plate\Armor_plate_identification\main.cpp(1,1): warning C4828: 文件包含在偏移 0x1761 处开始的字符，该字符在当前源字符集中无效(代码页 65001)。
D:\Git\public_task\Armor_plate\Armor_plate_identification\main.cpp(1,1): warning C4828: 文件包含在偏移 0x1762 处开始的字符，该字符在当前源字符集中无效(代码页 65001)。
D:\Git\public_task\Armor_plate\Armor_plate_identification\main.cpp(1,1): warning C4828: 文件包含在偏移 0x1763 处开始的字符，该字符在当前源字符集中无效(代码页 65001)。
D:\Git\public_task\Armor_plate\Armor_plate_identification\main.cpp(1,1): warning C4828: 文件包含在偏移 0x1764 处开始的字符，该字符在当前源字符集中无效(代码页 65001)。
D:\Git\public_task\Armor_plate\Armor_plate_identification\main.cpp(1,1): warning C4828: 文件包含在偏移 0x1820 处开始的字符，该字符在当前源字符集中无效(代码页 65001)。
D:\Git\public_task\Armor_plate\Armor_plate_identification\main.cpp(1,1): warning C4828: 文件包含在偏移 0x18d2 处开始的字符，该字符在当前源字符集中无效(代码页 65001)。
D:\Git\public_task\Armor_plate\Armor_plate_identification\main.cpp(1,1): warning C4828: 文件包含在偏移 0x18d3 处开始的字符，该字符在当前源字符集中无效(代码页 65001)。
D:\Git\public_task\Armor_plate\Armor_plate_identification\main.cpp(1,1): warning C4828: 文件包含在偏移 0x18d4 处开始的字符，该字符在当前源字符集中无效(代码页 65001)。
D:\Git\public_task\Armor_plate\Armor_plate_identification\main.cpp(1,1): warning C4828: 文件包含在偏移 0x18d5 处开始的字符，该字符在当前源字符集中无效(代码页 65001)。
D:\Git\public_task\Armor_plate\Armor_plate_identification\main.cpp(1,1): warning C4828: 文件包含在偏移 0x1a11 处开始的字符，该字符在当前源字符集中无效(代码页 65001)。
D:\Git\public_task\Armor_plate\Armor_plate_identification\main.cpp(1,1): warning C4828: 文件包含在偏移 0x1a12 处开始的字符，该字符在当前源字符集中无效(代码页 65001)。
D:\Git\public_task\Armor_plate\Armor_plate_identification\main.cpp(1,1): warning C4828: 文件包含在偏移 0x1a15 处开始的字符，该字符在当前源字符集中无效(代码页 65001)。
D:\Git\public_task\Armor_plate\Armor_plate_identification\main.cpp(1,1): warning C4828: 文件包含在偏移 0x1a17 处开始的字符，该字符在当前源字符集中无效(代码页 65001)。
D:\Git\public_task\Armor_plate\Armor_plate_identification\main.cpp(1,1): warning C4828: 文件包含在偏移 0x1a18 处开始的字符，该字符在当前源字符集中无效(代码页 65001)。
D:\Git\public_task\Armor_plate\Armor_plate_identification\main.cpp(1,1): warning C4828: 文件包含在偏移 0x1bb1 处开始的字符，该字符在当前源字符集中无效(代码页 65001)。
D:\Git\public_task\Armor_plate\Armor_plate_identification\main.cpp(1,1): warning C4828: 文件包含在偏移 0x1bb2 处开始的字符，该字符在当前源字符集中无效(代码页 65001)。
D:\Git\public_task\Armor_plate\Armor_plate_identification\main.cpp(1,1): warning C4828: 文件包含在偏移 0x1c1c 处开始的字符，该字符在当前源字符集中无效(代码页 65001)。
D:\Git\public_task\Armor_plate\Armor_plate_identification\main.cpp(1,1): warning C4828: 文件包含在偏移 0x1c1d 处开始的字符，该字符在当前源字符集中无效(代码页 65001)。
D:\Git\public_task\Armor_plate\Armor_plate_identification\main.cpp(1,1): warning C4828: 文件包含在偏移 0x1c1e 处开始的字符，该字符在当前源字符集中无效(代码页 65001)。
D:\Git\public_task\Armor_plate\Armor_plate_identification\main.cpp(1,1): warning C4828: 文件包含在偏移 0x1c22 处开始的字符，该字符在当前源字符集中无效(代码页 65001)。
D:\Git\public_task\Armor_plate\Armor_plate_identification\main.cpp(1,1): warning C4828: 文件包含在偏移 0x1c23 处开始的字符，该字符在当前源字符集中无效(代码页 65001)。
D:\Git\public_task\Armor_plate\Armor_plate_identification\main.cpp(1,1): warning C4828: 文件包含在偏移 0x1c25 处开始的字符，该字符在当前源字符集中无效(代码页 65001)。
D:\Git\public_task\Armor_plate\Armor_plate_identification\main.cpp(1,1): warning C4828: 文件包含在偏移 0x1c29 处开始的字符，该字符在当前源字符集中无效(代码页 65001)。
D:\Git\public_task\Armor_plate\Armor_plate_identification\main.cpp(1,1): warning C4828: 文件包含在偏移 0x1c2a 处开始的字符，该字符在当前源字符集中无效(代码页 65001)。
D:\Git\public_task\Armor_plate\Armor_plate_identification\main.cpp(1,1): warning C4828: 文件包含在偏移 0x1c2b 处开始的字符，该字符在当前源字符集中无效(代码页 65001)。
D:\Git\public_task\Armor_plate\Armor_plate_identification\main.cpp(1,1): warning C4828: 文件包含在偏移 0x1c2d 处开始的字符，该字符在当前源字符集中无效(代码页 65001)。
D:\Git\public_task\Armor_plate\Armor_plate_identification\main.cpp(1,1): warning C4828: 文件包含在偏移 0x1c30 处开始的字符，该字符在当前源字符集中无效(代码页 65001)。
D:\Git\public_task\Armor_plate\Armor_plate_identification\main.cpp(1,1): warning C4828: 文件包含在偏移 0x1c32 处开始的字符，该字符在当前源字符集中无效(代码页 65001)。
D:\Git\public_task\Armor_plate\Armor_plate_identification\main.cpp(1,1): warning C4828: 文件包含在偏移 0x1c33 处开始的字符，该字符在当前源字符集中无效(代码页 65001)。
D:\Git\public_task\Armor_plate\Armor_plate_identification\main.cpp(1,1): warning C4828: 文件包含在偏移 0x1c9f 处开始的字符，该字符在当前源字符集中无效(代码页 65001)。
D:\Git\public_task\Armor_plate\Armor_plate_identification\main.cpp(1,1): warning C4828: 文件包含在偏移 0x1ca0 处开始的字符，该字符在当前源字符集中无效(代码页 65001)。
D:\Git\public_task\Armor_plate\Armor_plate_identification\main.cpp(1,1): warning C4828: 文件包含在偏移 0x1ca1 处开始的字符，该字符在当前源字符集中无效(代码页 65001)。
D:\Git\public_task\Armor_plate\Armor_plate_identification\main.cpp(1,1): warning C4828: 文件包含在偏移 0x1ca5 处开始的字符，该字符在当前源字符集中无效(代码页 65001)。
D:\Git\public_task\Armor_plate\Armor_plate_identification\main.cpp(1,1): warning C4828: 文件包含在偏移 0x1ca7 处开始的字符，该字符在当前源字符集中无效(代码页 65001)。
D:\Git\public_task\Armor_plate\Armor_plate_identification\main.cpp(1,1): warning C4828: 文件包含在偏移 0x1ca8 处开始的字符，该字符在当前源字符集中无效(代码页 65001)。
D:\Git\public_task\Armor_plate\Armor_plate_identification\main.cpp(1,1): warning C4828: 文件包含在偏移 0x1ca9 处开始的字符，该字符在当前源字符集中无效(代码页 65001)。
D:\Git\public_task\Armor_plate\Armor_plate_identification\main.cpp(1,1): warning C4828: 文件包含在偏移 0x1cad 处开始的字符，该字符在当前源字符集中无效(代码页 65001)。
D:\Git\public_task\Armor_plate\Armor_plate_identification\main.cpp(1,1): warning C4828: 文件包含在偏移 0x1cae 处开始的字符，该字符在当前源字符集中无效(代码页 65001)。
D:\Git\public_task\Armor_plate\Armor_plate_identification\main.cpp(1,1): warning C4828: 文件包含在偏移 0x1cb0 处开始的字符，该字符在当前源字符集中无效(代码页 65001)。
D:\Git\public_task\Armor_plate\Armor_plate_identification\main.cpp(1,1): warning C4828: 文件包含在偏移 0x1cb3 处开始的字符，该字符在当前源字符集中无效(代码页 65001)。
D:\Git\public_task\Armor_plate\Armor_plate_identification\main.cpp(1,1): warning C4828: 文件包含在偏移 0x1cb4 处开始的字符，该字符在当前源字符集中无效(代码页 65001)。
D:\Git\public_task\Armor_plate\Armor_plate_identification\main.cpp(1,1): warning C4828: 文件包含在偏移 0x1cb6 处开始的字符，该字符在当前源字符集中无效(代码页 65001)。
D:\Git\public_task\Armor_plate\Armor_plate_identification\main.cpp(1,1): warning C4828: 文件包含在偏移 0x1cd4 处开始的字符，该字符在当前源字符集中无效(代码页 65001)。
D:\Git\public_task\Armor_plate\Armor_plate_identification\main.cpp(1,1): warning C4828: 文件包含在偏移 0x1cd5 处开始的字符，该字符在当前源字符集中无效(代码页 65001)。
D:\Git\public_task\Armor_plate\Armor_plate_identification\main.cpp(1,1): warning C4828: 文件包含在偏移 0x1cd8 处开始的字符，该字符在当前源字符集中无效(代码页 65001)。
D:\Git\public_task\Armor_plate\Armor_plate_identification\main.cpp(1,1): warning C4828: 文件包含在偏移 0x1cda 处开始的字符，该字符在当前源字符集中无效(代码页 65001)。
D:\Git\public_task\Armor_plate\Armor_plate_identification\main.cpp(1,1): warning C4828: 文件包含在偏移 0x1cdc 处开始的字符，该字符在当前源字符集中无效(代码页 65001)。
D:\Git\public_task\Armor_plate\Armor_plate_identification\main.cpp(1,1): warning C4828: 文件包含在偏移 0x1cdd 处开始的字符，该字符在当前源字符集中无效(代码页 65001)。
D:\Git\public_task\Armor_plate\Armor_plate_identification\main.cpp(1,1): warning C4828: 文件包含在偏移 0x1cde 处开始的字符，该字符在当前源字符集中无效(代码页 65001)。
D:\Git\public_task\Armor_plate\Armor_plate_identification\main.cpp(1,1): warning C4828: 文件包含在偏移 0x1cdf 处开始的字符，该字符在当前源字符集中无效(代码页 65001)。
D:\Git\public_task\Armor_plate\Armor_plate_identification\main.cpp(1,1): warning C4828: 文件包含在偏移 0x1ce4 处开始的字符，该字符在当前源字符集中无效(代码页 65001)。
D:\Git\public_task\Armor_plate\Armor_plate_identification\main.cpp(1,1): warning C4828: 文件包含在偏移 0x1ce6 处开始的字符，该字符在当前源字符集中无效(代码页 65001)。
D:\Git\public_task\Armor_plate\Armor_plate_identification\main.cpp(1,1): warning C4828: 文件包含在偏移 0x1ce7 处开始的字符，该字符在当前源字符集中无效(代码页 65001)。
D:\Git\public_task\Armor_plate\Armor_plate_identification\main.cpp(1,1): warning C4828: 文件包含在偏移 0x1ce9 处开始的字符，该字符在当前源字符集中无效(代码页 65001)。
D:\Git\public_task\Armor_plate\Armor_plate_identification\main.cpp(1,1): warning C4828: 文件包含在偏移 0x1d72 处开始的字符，该字符在当前源字符集中无效(代码页 65001)。
D:\Git\public_task\Armor_plate\Armor_plate_identification\main.cpp(1,1): warning C4828: 文件包含在偏移 0x1d73 处开始的字符，该字符在当前源字符集中无效(代码页 65001)。
D:\Git\public_task\Armor_plate\Armor_plate_identification\main.cpp(1,1): warning C4828: 文件包含在偏移 0x1d75 处开始的字符，该字符在当前源字符集中无效(代码页 65001)。
D:\Git\public_task\Armor_plate\Armor_plate_identification\main.cpp(1,1): warning C4828: 文件包含在偏移 0x1d78 处开始的字符，该字符在当前源字符集中无效(代码页 65001)。
D:\Git\public_task\Armor_plate\Armor_plate_identification\main.cpp(1,1): warning C4828: 文件包含在偏移 0x1d79 处开始的字符，该字符在当前源字符集中无效(代码页 65001)。
D:\Git\public_task\Armor_plate\Armor_plate_identification\main.cpp(1,1): warning C4828: 文件包含在偏移 0x1e76 处开始的字符，该字符在当前源字符集中无效(代码页 65001)。
D:\Git\public_task\Armor_plate\Armor_plate_identification\main.cpp(1,1): warning C4828: 文件包含在偏移 0x1e78 处开始的字符，该字符在当前源字符集中无效(代码页 65001)。
D:\Git\public_task\Armor_plate\Armor_plate_identification\main.cpp(1,1): warning C4828: 文件包含在偏移 0x1eaf 处开始的字符，该字符在当前源字符集中无效(代码页 65001)。
D:\Git\public_task\Armor_plate\Armor_plate_identification\main.cpp(1,1): warning C4828: 文件包含在偏移 0x1eb1 处开始的字符，该字符在当前源字符集中无效(代码页 65001)。
D:\Git\public_task\Armor_plate\Armor_plate_identification\main.cpp(1,1): warning C4828: 文件包含在偏移 0x20d0 处开始的字符，该字符在当前源字符集中无效(代码页 65001)。
D:\Git\public_task\Armor_plate\Armor_plate_identification\main.cpp(1,1): warning C4828: 文件包含在偏移 0x20d1 处开始的字符，该字符在当前源字符集中无效(代码页 65001)。
D:\Git\public_task\Armor_plate\Armor_plate_identification\main.cpp(1,1): warning C4828: 文件包含在偏移 0x20d2 处开始的字符，该字符在当前源字符集中无效(代码页 65001)。
D:\Git\public_task\Armor_plate\Armor_plate_identification\main.cpp(1,1): warning C4828: 文件包含在偏移 0x20d3 处开始的字符，该字符在当前源字符集中无效(代码页 65001)。
D:\Git\public_task\Armor_plate\Armor_plate_identification\main.cpp(1,1): warning C4828: 文件包含在偏移 0x2236 处开始的字符，该字符在当前源字符集中无效(代码页 65001)。
D:\Git\public_task\Armor_plate\Armor_plate_identification\main.cpp(1,1): warning C4828: 文件包含在偏移 0x2237 处开始的字符，该字符在当前源字符集中无效(代码页 65001)。
D:\Git\public_task\Armor_plate\Armor_plate_identification\main.cpp(1,1): warning C4828: 文件包含在偏移 0x2238 处开始的字符，该字符在当前源字符集中无效(代码页 65001)。
D:\Git\public_task\Armor_plate\Armor_plate_identification\main.cpp(1,1): warning C4828: 文件包含在偏移 0x2239 处开始的字符，该字符在当前源字符集中无效(代码页 65001)。
D:\Git\public_task\Armor_plate\Armor_plate_identification\main.cpp(1,1): warning C4828: 文件包含在偏移 0x22c7 处开始的字符，该字符在当前源字符集中无效(代码页 65001)。
D:\Git\public_task\Armor_plate\Armor_plate_identification\main.cpp(1,1): warning C4828: 文件包含在偏移 0x22c8 处开始的字符，该字符在当前源字符集中无效(代码页 65001)。
D:\Git\public_task\Armor_plate\Armor_plate_identification\main.cpp(1,1): warning C4828: 文件包含在偏移 0x22c9 处开始的字符，该字符在当前源字符集中无效(代码页 65001)。
D:\Git\public_task\Armor_plate\Armor_plate_identification\main.cpp(1,1): warning C4828: 文件包含在偏移 0x22ca 处开始的字符，该字符在当前源字符集中无效(代码页 65001)。
D:\Git\public_task\Armor_plate\Armor_plate_identification\main.cpp(1,1): warning C4828: 文件包含在偏移 0x2344 处开始的字符，该字符在当前源字符集中无效(代码页 65001)。
D:\Git\public_task\Armor_plate\Armor_plate_identification\main.cpp(1,1): warning C4828: 文件包含在偏移 0x2345 处开始的字符，该字符在当前源字符集中无效(代码页 65001)。
D:\Git\public_task\Armor_plate\Armor_plate_identification\main.cpp(1,1): warning C4828: 文件包含在偏移 0x2346 处开始的字符，该字符在当前源字符集中无效(代码页 65001)。
D:\Git\public_task\Armor_plate\Armor_plate_identification\main.cpp(1,1): warning C4828: 文件包含在偏移 0x2347 处开始的字符，该字符在当前源字符集中无效(代码页 65001)。
D:\Git\public_task\Armor_plate\Armor_plate_identification\main.cpp(1,1): warning C4828: 文件包含在偏移 0x24aa 处开始的字符，该字符在当前源字符集中无效(代码页 65001)。
D:\Git\public_task\Armor_plate\Armor_plate_identification\main.cpp(1,1): warning C4828: 文件包含在偏移 0x24ab 处开始的字符，该字符在当前源字符集中无效(代码页 65001)。
D:\Git\public_task\Armor_plate\Armor_plate_identification\main.cpp(1,1): warning C4828: 文件包含在偏移 0x24ac 处开始的字符，该字符在当前源字符集中无效(代码页 65001)。
D:\Git\public_task\Armor_plate\Armor_plate_identification\main.cpp(1,1): warning C4828: 文件包含在偏移 0x24ad 处开始的字符，该字符在当前源字符集中无效(代码页 65001)。
D:\Git\public_task\Armor_plate\Armor_plate_identification\main.cpp(1,1): warning C4828: 文件包含在偏移 0x253b 处开始的字符，该字符在当前源字符集中无效(代码页 65001)。
D:\Git\public_task\Armor_plate\Armor_plate_identification\main.cpp(1,1): warning C4828: 文件包含在偏移 0x253c 处开始的字符，该字符在当前源字符集中无效(代码页 65001)。
D:\Git\public_task\Armor_plate\Armor_plate_identification\main.cpp(1,1): warning C4828: 文件包含在偏移 0x253d 处开始的字符，该字符在当前源字符集中无效(代码页 65001)。
D:\Git\public_task\Armor_plate\Armor_plate_identification\main.cpp(1,1): warning C4828: 文件包含在偏移 0x253e 处开始的字符，该字符在当前源字符集中无效(代码页 65001)。
D:\Git\public_task\Armor_plate\Armor_plate_identification\main.cpp(1,1): warning C4828: 文件包含在偏移 0x279f 处开始的字符，该字符在当前源字符集中无效(代码页 65001)。
D:\Git\public_task\Armor_plate\Armor_plate_identification\main.cpp(1,1): warning C4828: 文件包含在偏移 0x27a0 处开始的字符，该字符在当前源字符集中无效(代码页 65001)。
D:\Git\public_task\Armor_plate\Armor_plate_identification\main.cpp(1,1): warning C4828: 文件包含在偏移 0x2905 处开始的字符，该字符在当前源字符集中无效(代码页 65001)。
D:\Git\public_task\Armor_plate\Armor_plate_identification\main.cpp(1,1): warning C4828: 文件包含在偏移 0x2906 处开始的字符，该字符在当前源字符集中无效(代码页 65001)。
D:\Git\public_task\Armor_plate\Armor_plate_identification\main.cpp(1,1): warning C4828: 文件包含在偏移 0x2bcb 处开始的字符，该字符在当前源字符集中无效(代码页 65001)。
D:\Git\public_task\Armor_plate\Armor_plate_identification\main.cpp(1,1): warning C4828: 文件包含在偏移 0x2bcc 处开始的字符，该字符在当前源字符集中无效(代码页 65001)。
D:\Git\public_task\Armor_plate\Armor_plate_identification\main.cpp(1,1): warning C4828: 文件包含在偏移 0x2bcd 处开始的字符，该字符在当前源字符集中无效(代码页 65001)。
D:\Git\public_task\Armor_plate\Armor_plate_identification\main.cpp(1,1): warning C4828: 文件包含在偏移 0x2bce 处开始的字符，该字符在当前源字符集中无效(代码页 65001)。
D:\Git\public_task\Armor_plate\Armor_plate_identification\main.cpp(1,1): warning C4828: 文件包含在偏移 0x2bd0 处开始的字符，该字符在当前源字符集中无效(代码页 65001)。
D:\Git\public_task\Armor_plate\Armor_plate_identification\main.cpp(1,1): warning C4828: 文件包含在偏移 0x2d47 处开始的字符，该字符在当前源字符集中无效(代码页 65001)。
D:\Git\public_task\Armor_plate\Armor_plate_identification\main.cpp(1,1): warning C4828: 文件包含在偏移 0x2d49 处开始的字符，该字符在当前源字符集中无效(代码页 65001)。
D:\Git\public_task\Armor_plate\Armor_plate_identification\main.cpp(1,1): warning C4828: 文件包含在偏移 0x2d4a 处开始的字符，该字符在当前源字符集中无效(代码页 65001)。
D:\Git\public_task\Armor_plate\Armor_plate_identification\main.cpp(100,12): warning C4244: “初始化”: 从“double”转换到“int”，可能丢失数据
D:\Git\public_task\Armor_plate\Armor_plate_identification\main.cpp(336,20): warning C4244: “参数”: 从“double”转换到“int”，可能丢失数据
  Armor_plate_identification.vcxproj -> D:\Git\public_task\Armor_plate\Armor_plate_identification\x64\Debug\Armor_plate_identification.exe
